<?xml version="1.0" encoding="UTF-8"?>
<testsuite xmlns:xsi="http://www.w3.org/2001/XMLSchema-instance" xsi:noNamespaceSchemaLocation="https://maven.apache.org/surefire/maven-surefire-plugin/xsd/surefire-test-report-3.0.xsd" version="3.0" name="org.example.backend2.service.AiServiceTest" time="0.456" tests="4" errors="0" skipped="0" failures="0">
  <properties>
[...]
</properties>
  <testcase name="generateResponse_withoutOpenAi_usesKnowledgeBaseFallback" classname="org.example.backend2.service.AiServiceTest" time="0.423">
    <system-out><![CDATA[15:24:23.173 [main] INFO org.example.backend2.service.AiService -- Generating AI response for ticket #1
15:24:23.177 [main] INFO org.example.backend2.service.AiService -- AI response generated via Knowledge Base fallback for ticket #1
]]></system-out>
  </testcase>
  <testcase name="generateResponse_withOpenAi_returnsAiResponse" classname="org.example.backend2.service.AiServiceTest" time="0.005">
    <system-out><![CDATA[15:24:23.192 [main] INFO org.example.backend2.service.AiService -- Generating AI response for ticket #1
15:24:23.192 [main] INFO org.example.backend2.service.AiService -- AI response generated via OpenAI for ticket #1
]]></system-out>
  </testcase>
  <testcase name="classifyTicket_withoutOpenAi_usesKeywords" classname="org.example.backend2.service.AiServiceTest" time="0.004"/>
  <testcase name="generateResponse_ticketNotFound_throwsException" classname="org.example.backend2.service.AiServiceTest" time="0.004">
    <system-out><![CDATA[15:24:23.201 [main] INFO org.example.backend2.service.AiService -- Generating AI response for ticket #999
]]></system-out>
  </testcase>
</testsuite>